# Nmap 7.91 scan initiated Sun Aug  8 16:40:20 2021 as: nmap -sC -sV -oN networkservices2/initialscan.out 10.10.55.118
Nmap scan report for 10.10.55.118
Host is up (0.24s latency).
Not shown: 988 closed ports
PORT      STATE    SERVICE        VERSION
22/tcp    open     ssh            OpenSSH 7.6p1 Ubuntu 4ubuntu0.3 (Ubuntu Linux; protocol 2.0)
| ssh-hostkey: 
|   2048 73:92:8e:04:de:40:fb:9c:90:f9:cf:42:70:c8:45:a7 (RSA)
|   256 6d:63:d6:b8:0a:67:fd:86:f1:22:30:2b:2d:27:1e:ff (ECDSA)
|_  256 bd:08:97:79:63:0f:80:7c:7f:e8:50:dc:59:cf:39:5e (ED25519)
111/tcp   open     rpcbind        2-4 (RPC #100000)
| rpcinfo: 
|   program version    port/proto  service
|   100000  2,3,4        111/tcp   rpcbind
|   100000  2,3,4        111/udp   rpcbind
|   100000  3,4          111/tcp6  rpcbind
|   100000  3,4          111/udp6  rpcbind
|   100003  3           2049/udp   nfs
|   100003  3           2049/udp6  nfs
|   100003  3,4         2049/tcp   nfs
|   100003  3,4         2049/tcp6  nfs
|   100005  1,2,3      38777/tcp   mountd
|   100005  1,2,3      46626/udp   mountd
|   100005  1,2,3      59283/udp6  mountd
|   100005  1,2,3      59711/tcp6  mountd
|   100021  1,3,4      35651/tcp   nlockmgr
|   100021  1,3,4      41437/tcp6  nlockmgr
|   100021  1,3,4      46657/udp6  nlockmgr
|   100021  1,3,4      58476/udp   nlockmgr
|   100227  3           2049/tcp   nfs_acl
|   100227  3           2049/tcp6  nfs_acl
|   100227  3           2049/udp   nfs_acl
|_  100227  3           2049/udp6  nfs_acl
1076/tcp  filtered sns_credit
1533/tcp  filtered virtual-places
2049/tcp  open     nfs_acl        3 (RPC #100227)
2068/tcp  filtered avocentkvm
2111/tcp  filtered kx
3527/tcp  filtered beserver-msg-q
4006/tcp  filtered pxc-spvr
5009/tcp  filtered airport-admin
8652/tcp  filtered unknown
22939/tcp filtered unknown
Service Info: OS: Linux; CPE: cpe:/o:linux:linux_kernel

Service detection performed. Please report any incorrect results at https://nmap.org/submit/ .
# Nmap done at Sun Aug  8 16:40:41 2021 -- 1 IP address (1 host up) scanned in 20.85 seconds
